\BOOKMARK [0][-]{chapter*.2}{\376\377\000\332\000v\000o\000d}{}% 1
\BOOKMARK [0][-]{chapter.1}{\376\377\000M\000a\000t\000e\000m\000a\000t\000i\000c\000k\000\375\000\040\000m\000o\000d\000e\000l\000\040\000p\000r\000o\000u\000d\001\033\000n\000\355\000\040\000k\000r\000v\000e}{}% 2
\BOOKMARK [1][-]{section.1.1}{\376\377\000D\000y\000n\000a\000m\000i\000k\000a\000\040\000t\000e\000k\000u\000t\000i\000n}{chapter.1}% 3
\BOOKMARK [2][-]{subsection.1.1.1}{\376\377\000T\000e\000n\000z\000o\000r\000\040\000n\000a\000p\001\033\000t\000\355\000\040\000a\000\040\000s\000i\000l\000o\000v\000\351\000\040\000p\001\157\000s\000o\000b\000e\000n\000\355}{section.1.1}% 4
\BOOKMARK [2][-]{subsection.1.1.2}{\376\377\000T\000u\000r\000b\000u\000l\000e\000n\000c\000e\000\040\000a\000\040\000R\000e\000y\000n\000o\000l\000d\000s\001\157\000v\000\040\000r\000o\000z\000k\000l\000a\000d}{section.1.1}% 5
\BOOKMARK [1][-]{section.1.2}{\376\377\000P\000o\000p\000i\000s\000\040\000c\000\351\000v\000n\000\355\000h\000o\000\040\000p\000r\000o\000u\000d\001\033\000n\000\355}{chapter.1}% 6
\BOOKMARK [1][-]{section.1.3}{\376\377\000P\001\131\000e\000d\000p\000o\000k\000l\000a\000d\000y\000\040\000m\000a\000t\000e\000m\000a\000t\000i\000c\000k\000\351\000h\000o\000\040\000m\000o\000d\000e\000l\000u\000\040\000v\000\040\000t\000\351\000t\000o\000\040\000p\000r\000\341\000c\000i}{chapter.1}% 7
\BOOKMARK [0][-]{chapter.2}{\376\377\000M\001\131\000\355\001\176\000k\000o\000v\000\341\000\040\000B\000o\000l\000t\000z\000m\000a\000n\000n\000o\000v\000a\000\040\000m\000e\000t\000o\000d\000a}{}% 8
\BOOKMARK [1][-]{section.2.1}{\376\377\000B\000e\000z\000r\000o\000z\000m\001\033\000r\000n\000o\000s\000t\000\040\000a\000\040\000d\000i\000s\000k\000r\000e\000t\000i\000z\000a\000c\000e}{chapter.2}% 9
\BOOKMARK [2][-]{subsection.2.1.1}{\376\377\000P\001\131\000e\000c\000h\000o\000d\000\040\000k\000\040\000b\000e\000z\000r\000o\000z\000m\001\033\000r\000n\000\375\000m\000\040\000j\000e\000d\000n\000o\000t\000k\000\341\000m}{section.2.1}% 10
\BOOKMARK [2][-]{subsection.2.1.2}{\376\377\000V\000\375\000p\000o\001\015\000e\000t\000n\000\355\000\040\000o\000b\000l\000a\000s\000t\000\040\000a\000\040\000d\000i\000s\000k\000r\000\351\000t\000n\000\355\000\040\000m\001\131\000\355\001\176\000k\000a}{section.2.1}% 11
\BOOKMARK [2][-]{subsection.2.1.3}{\376\377\000D\000i\000s\000k\000r\000\351\000t\000n\000\355\000\040\000B\000o\000l\000t\000z\000m\000a\000n\000n\000o\000v\000a\000\040\000t\000r\000a\000n\000s\000p\000o\000r\000t\000n\000\355\000\040\000r\000o\000v\000n\000i\000c\000e}{section.2.1}% 12
\BOOKMARK [2][-]{subsection.2.1.4}{\376\377\000M\000a\000k\000r\000o\000s\000k\000o\000p\000i\000c\000k\000\351\000\040\000v\000e\000l\000i\001\015\000i\000n\000y}{section.2.1}% 13
\BOOKMARK [1][-]{section.2.2}{\376\377\000A\000l\000g\000o\000r\000i\000t\000m\000u\000s\000\040\000L\000B\000M}{chapter.2}% 14
\BOOKMARK [1][-]{section.2.3}{\376\377\000K\000o\000l\000i\000z\000n\000\355\000\040\000o\000p\000e\000r\000\341\000t\000o\000r\000y}{chapter.2}% 15
\BOOKMARK [1][-]{section.2.4}{\376\377\000P\000o\001\015\000\341\000t\000e\001\015\000n\000\355\000\040\000a\000\040\000o\000k\000r\000a\000j\000o\000v\000\351\000\040\000p\000o\000d\000m\000\355\000n\000k\000y}{chapter.2}% 16
\BOOKMARK [2][-]{subsection.2.4.1}{\376\377\000P\000o\001\015\000\341\000t\000e\001\015\000n\000\355\000\040\000p\000o\000d\000m\000\355\000n\000k\000a}{section.2.4}% 17
\BOOKMARK [2][-]{subsection.2.4.2}{\376\377\000O\000k\000r\000a\000j\000o\000v\000\351\000\040\000p\000o\000d\000\355\000m\000k\000y}{section.2.4}% 18
\BOOKMARK [1][-]{section.2.5}{\376\377\000V\000\375\000p\000o\001\015\000e\000t\000\040\000s\000\355\000l\000y\000\040\000v\000\040\000L\000B\000M}{chapter.2}% 19
\BOOKMARK [1][-]{section.2.6}{\376\377\000P\000o\000z\000n\000\341\000m\000k\000y\000\040\000k\000\040\000i\000m\000p\000l\000e\000m\000e\000n\000t\000a\000c\000i\000\040\000L\000B\000M}{chapter.2}% 20
\BOOKMARK [0][-]{chapter.3}{\376\377\000G\000e\000n\000e\000r\000o\000v\000\341\000n\000\355\000\040\000g\000e\000o\000m\000e\000t\000r\000i\000e}{}% 21
\BOOKMARK [1][-]{section.3.1}{\376\377\000S\000t\000r\000u\000k\000t\000u\000r\000a\000\040\000g\000e\000n\000e\000r\000o\000v\000a\000n\000\375\000c\000h\000\040\000d\000a\000t}{chapter.3}% 22
\BOOKMARK [1][-]{section.3.2}{\376\377\000V\000\375\000p\000o\001\015\000e\000t\000\040\000n\000o\000r\000m\000\341\000l\000o\000v\000\351\000h\000o\000\040\000v\000e\000k\000t\000o\000r\000u}{chapter.3}% 23
\BOOKMARK [1][-]{section.3.3}{\376\377\000V\000\375\000p\000o\001\015\000e\000t\000\040\000i\000n\000t\000e\000r\000p\000o\000l\000a\001\015\000n\000\355\000h\000o\000\040\000p\000a\000r\000a\000m\000e\000t\000r\000u}{chapter.3}% 24
\BOOKMARK [1][-]{section.3.4}{\376\377\000S\000t\000r\000u\000k\000t\000u\000r\000a\000\040\000k\000\363\000d\000u\000\040\000a\000\040\000p\000o\000z\000n\000\341\000m\000k\000y\000\040\000k\000\040\000i\000m\000p\000l\000e\000m\000e\000n\000t\000a\000c\000i}{chapter.3}% 25
\BOOKMARK [0][-]{chapter.4}{\376\377\000M\000a\000t\000e\000m\000a\000t\000i\000c\000k\000\341\000\040\000o\000p\000t\000i\000m\000a\000l\000i\000z\000a\000c\000e}{}% 26
\BOOKMARK [1][-]{section.4.1}{\376\377\000Z\000\341\000k\000l\000a\000d\000n\000\355\000\040\000o\000p\000t\000i\000m\000a\000l\000i\000z\000a\001\015\000n\000\355\000\040\000\372\000l\000o\000h\000a}{chapter.4}% 27
\BOOKMARK [1][-]{section.4.2}{\376\377\001\130\000e\001\141\000e\000n\000\355\000\040\000\372\000l\000o\000h\000y\000\040\000b\000e\000z\000\040\000v\000a\000z\000e\000b}{chapter.4}% 28
\BOOKMARK [2][-]{subsection.4.2.1}{\376\377\000D\000a\000v\000i\000d\000o\000n\001\157\000v\000-\000F\000l\000e\000t\000c\000h\000e\000r\001\157\000v\000-\000P\000o\000w\000e\000l\000l\001\157\000v\000\040\000a\000l\000g\000o\000r\000i\000t\000m\000u\000s}{section.4.2}% 29
\BOOKMARK [2][-]{subsection.4.2.2}{\376\377\000B\000r\000o\000y\000d\000e\000n\001\157\000v\000-\000F\000l\000e\000t\000c\000h\000e\000r\001\157\000v\000-\000G\000o\000l\000d\000f\000a\000r\000b\001\157\000v\000-\000S\000h\000a\000n\000n\000o\001\157\000v\000\040\000a\000l\000g\000o\000r\000i\000t\000m\000u\000s}{section.4.2}% 30
\BOOKMARK [1][-]{section.4.3}{\376\377\001\130\000e\001\141\000e\000n\000\355\000\040\000\372\000l\000o\000h\000y\000\040\000s\000\040\000v\000a\000z\000b\000a\000m\000i}{chapter.4}% 31
\BOOKMARK [2][-]{subsection.4.3.1}{\376\377\000P\000e\000n\000a\000l\000i\000z\000a\001\015\000n\000\355\000\040\000m\000e\000t\000o\000d\000y}{section.4.3}% 32
\BOOKMARK [2][-]{subsection.4.3.2}{\376\377\000B\000a\000r\000i\000\351\000r\000o\000v\000\341\000\040\000m\000e\000t\000o\000d\000a}{section.4.3}% 33
\BOOKMARK [1][-]{section.4.4}{\376\377\000B\000l\000a\000c\000k\000-\000b\000o\000x\000\040\000o\000p\000t\000i\000m\000a\000l\000i\000z\000a\000c\000e}{chapter.4}% 34
\BOOKMARK [2][-]{subsection.4.4.1}{\376\377\000H\000e\000u\000r\000i\000s\000t\000i\000c\000k\000\351\000\040\000m\000e\000t\000o\000d\000y}{section.4.4}% 35
\BOOKMARK [2][-]{subsection.4.4.2}{\376\377\000M\000e\000t\000o\000d\000y\000\040\000p\001\131\000\355\000m\000\351\000h\000o\000\040\000v\000y\000h\000l\000e\000d\000\341\000v\000\341\000n\000\355}{section.4.4}% 36
\BOOKMARK [2][-]{subsection.4.4.3}{\376\377\000O\000p\000t\000i\000m\000a\000l\000i\000z\000a\000c\000e\000\040\000s\000\040\000v\000y\000u\001\176\000i\000t\000\355\000m\000\040\000n\000\341\000h\000r\000a\000d\000n\000\355\000h\000o\000\040\000m\000o\000d\000e\000l\000u}{section.4.4}% 37
\BOOKMARK [1][-]{section.4.5}{\376\377\000P\000o\000p\000i\000s\000\040\000o\000p\000t\000i\000m\000a\000l\000i\000z\000a\001\015\000n\000\355\000h\000o\000\040\000r\000\341\000m\000c\000e}{chapter.4}% 38
\BOOKMARK [0][-]{chapter.5}{\376\377\000N\000u\000m\000e\000r\000i\000c\000k\000\351\000\040\000v\000\375\000s\000l\000e\000d\000k\000y}{}% 39
\BOOKMARK [1][-]{section.5.1}{\376\377\000\332\000l\000o\000h\000y\000\040\000s\000\040\000j\000e\000d\000n\000\355\000m\000\040\000o\000p\000t\000i\000m\000a\000l\000i\000z\000a\001\015\000n\000\355\000m\000\040\000p\000a\000r\000a\000m\000e\000t\000r\000e\000m}{chapter.5}% 40
\BOOKMARK [2][-]{subsection.5.1.1}{\376\377\000D\000e\000f\000i\000n\000i\000c\000e\000\040\000p\000a\000r\000a\000m\000e\000t\000r\001\157\000\040\000\372\000l\000o\000h\000y}{section.5.1}% 41
\BOOKMARK [2][-]{subsection.5.1.2}{\376\377\000R\000o\000t\000u\000j\000\355\000c\000\355\000\040\000e\000l\000i\000p\000s\000a\000\040\000b\000e\000z\000\040\000p\001\131\000e\000k\000\341\001\176\000k\000y}{section.5.1}% 42
\BOOKMARK [2][-]{subsection.5.1.3}{\376\377\000R\000o\000t\000u\000j\000\355\000c\000\355\000\040\000e\000l\000i\000p\000s\000a\000\040\000s\000\040\000p\001\131\000e\000k\000\341\001\176\000k\000o\000u}{section.5.1}% 43
\BOOKMARK [2][-]{subsection.5.1.4}{\376\377\000S\000h\000r\000n\000u\000t\000\355\000\040\000v\000\375\000s\000l\000e\000d\000k\001\157\000\040\000\372\000l\000o\000h\000\040\000s\000\040\000j\000e\000d\000n\000\355\000m\000\040\000p\000a\000r\000a\000m\000e\000t\000r\000e\000m}{section.5.1}% 44
\BOOKMARK [1][-]{section.5.2}{\376\377\000\332\000l\000o\000h\000a\000\040\000s\000\040\000d\000v\001\033\000m\000a\000\040\000o\000p\000t\000i\000m\000a\000l\000i\000z\000a\001\015\000n\000\355\000m\000i\000\040\000p\000a\000r\000a\000m\000e\000t\000r\000y}{chapter.5}% 45
\BOOKMARK [2][-]{subsection.5.2.1}{\376\377\000S\000h\000r\000n\000u\000t\000\355\000\040\000v\000\375\000s\000l\000e\000d\000k\001\157\000\040\000\372\000l\000o\000h\000y\000\040\000s\000\040\000d\000v\001\033\000m\000a\000\040\000p\000a\000r\000a\000m\000e\000t\000r\000y}{section.5.2}% 46
\BOOKMARK [1][-]{section.5.3}{\376\377\000\332\000l\000o\000h\000a\000\040\000s\000\040\000t\001\131\000e\000m\000i\000\040\000o\000p\000t\000i\000m\000a\000l\000i\000z\000a\001\015\000n\000\355\000m\000i\000\040\000p\000a\000r\000a\000m\000e\000t\000r\000y}{chapter.5}% 47
\BOOKMARK [2][-]{subsection.5.3.1}{\376\377\000S\000h\000r\000n\000u\000t\000\355\000\040\000v\000\375\000s\000l\000e\000d\000k\001\157\000\040\000\372\000l\000o\000h\000y\000\040\000s\000\040\000t\001\131\000e\000m\000i\000\040\000p\000a\000r\000a\000m\000e\000t\000r\000y}{section.5.3}% 48
\BOOKMARK [0][-]{chapter*.49}{\376\377\000Z\000\341\000v\001\033\000r}{}% 49
\BOOKMARK [0][-]{section*.50}{\376\377\000P\001\131\000\355\000l\000o\000h\000y}{}% 50
\BOOKMARK [0][-]{appendix.1.A}{\376\377\000M\000o\000m\000e\000n\000t\000o\000v\000\341\000\040\000o\000k\000r\000a\000j\000o\000v\000\341\000\040\000p\000o\000d\000m\000\355\000n\000k\000a\000\040\000v\000e\000\040\0002\000D}{}% 51
